0 info it worked if it ends with ok
1 verbose cli [ 'C:\\Program Files\\nodejs\\node.exe',
1 verbose cli   'C:\\Users\\chris\\AppData\\Roaming\\npm\\node_modules\\npm\\bin\\npm-cli.js',
1 verbose cli   '--prefix',
1 verbose cli   'C:\\Apps\\stats4sd\\Stats4SD-Resources-Site\\functions',
1 verbose cli   'run',
1 verbose cli   'build' ]
2 info using npm@3.10.10
3 info using node@v8.11.1
4 verbose run-script [ 'prebuild', 'build', 'postbuild' ]
5 info lifecycle functions@~prebuild: functions@
6 silly lifecycle functions@~prebuild: no script for prebuild, continuing
7 info lifecycle functions@~build: functions@
8 verbose lifecycle functions@~build: unsafe-perm in lifecycle true
9 verbose lifecycle functions@~build: PATH: C:\Users\chris\AppData\Roaming\npm\node_modules\npm\bin\node-gyp-bin;C:\Apps\stats4sd\Stats4SD-Resources-Site\functions\node_modules\.bin;C:\Program Files (x86)\Intel\iCLS Client\;C:\ProgramData\Oracle\Java\javapath;C:\Program Files\Intel\iCLS Client\;C:\WINDOWS\system32;C:\WINDOWS;C:\WINDOWS\System32\Wbem;C:\WINDOWS\System32\WindowsPowerShell\v1.0\;C:\Program Files\Java\jdk1.8.0_151\bin;C:\Program Files (x86)\Skype\Phone\;C:\Program Files (x86)\Intel\Intel(R) Management Engine Components\DAL;C:\Program Files\Intel\Intel(R) Management Engine Components\DAL;C:\Program Files (x86)\Intel\Intel(R) Management Engine Components\IPT;C:\Program Files\Intel\Intel(R) Management Engine Components\IPT;C:\Program Files (x86)\Yarn\bin\;C:\Users\chris\git\flutter\bin;C:\Program Files\nodejs\;C:\cygwin64\bin;C:\Program Files\Git\cmd;C:\Program Files\Intel\WiFi\bin\;C:\Program Files\Common Files\Intel\WirelessCommon\;C:\Ruby24-x64\bin;C:\Users\chris\AppData\Local\Microsoft\WindowsApps;C:\Program Files\Microsoft VS Code\bin;C:\Program Files\Java\jdk1.8.0_151;C:\Program Files\Java\jdk1.8.0_151\bin;C:\Users\chris\AppData\Local\Android\sdk\platform-tools;C:\Users\chris\AppData\Local\Google\Cloud SDK\google-cloud-sdk\bin;C:\Users\chris\AppData\Local\Yarn\bin;C:\Users\chris\AppData\Roaming\npm;C:\Users\chris\AppData\Roaming\Dashlane\5.14.0.21388\bin\Firefox_Extension\{442718d9-475e-452a-b3e1-fb1ee16b8e9f}\components;C:\Users\chris\AppData\Roaming\Dashlane\5.14.0.21388\ucrt
10 verbose lifecycle functions@~build: CWD: C:\Apps\stats4sd\Stats4SD-Resources-Site\functions
11 silly lifecycle functions@~build: Args: [ '/d /s /c', 'tsc' ]
12 silly lifecycle functions@~build: Returned: code: 2  signal: null
13 info lifecycle functions@~build: Failed to exec build script
14 verbose stack Error: functions@ build: `tsc`
14 verbose stack Exit status 2
14 verbose stack     at EventEmitter.<anonymous> (C:\Users\chris\AppData\Roaming\npm\node_modules\npm\lib\utils\lifecycle.js:255:16)
14 verbose stack     at emitTwo (events.js:126:13)
14 verbose stack     at EventEmitter.emit (events.js:214:7)
14 verbose stack     at ChildProcess.<anonymous> (C:\Users\chris\AppData\Roaming\npm\node_modules\npm\lib\utils\spawn.js:40:14)
14 verbose stack     at emitTwo (events.js:126:13)
14 verbose stack     at ChildProcess.emit (events.js:214:7)
14 verbose stack     at maybeClose (internal/child_process.js:925:16)
14 verbose stack     at Process.ChildProcess._handle.onexit (internal/child_process.js:209:5)
15 verbose pkgid functions@
16 verbose cwd C:\Apps\stats4sd\Stats4SD-Resources-Site
17 error Windows_NT 10.0.16299
18 error argv "C:\\Program Files\\nodejs\\node.exe" "C:\\Users\\chris\\AppData\\Roaming\\npm\\node_modules\\npm\\bin\\npm-cli.js" "--prefix" "C:\\Apps\\stats4sd\\Stats4SD-Resources-Site\\functions" "run" "build"
19 error node v8.11.1
20 error npm  v3.10.10
21 error code ELIFECYCLE
22 error functions@ build: `tsc`
22 error Exit status 2
23 error Failed at the functions@ build script 'tsc'.
23 error Make sure you have the latest version of node.js and npm installed.
23 error If you do, this is most likely a problem with the functions package,
23 error not with npm itself.
23 error Tell the author that this fails on your system:
23 error     tsc
23 error You can get information on how to open an issue for this project with:
23 error     npm bugs functions
23 error Or if that isn't available, you can get their info via:
23 error     npm owner ls functions
23 error There is likely additional logging output above.
24 verbose exit [ 1, true ]
